Solid Edge translation to FBX
Date: Thursday,February 09,2023 05:01PM
Output File: C:\Users\techboy\Documents\GitHub\MinFDM\D6500\Mechanical\Assembly\Blender\Markhor3D 2.fbx
Author: Unknown
Organization: Unknown
Source System: SOLID EDGE

Hardware:
Processor: Intel(R) Core(TM) i5-6300U CPU @ 2.40GHz
Operating System: Windows 10 Professional
Installed Memory: 11.85 GB

Software Information:
Parasolid Version: 34.0.153
PSBodyshop Version: 34.0.110
FBX Adapter Version: 9.0.94
Solid Edge Version: 222.00.00.132 x64

FBX Export Options:
Export Construction Solids:Off
Export Displayed Parts:On
Export Construction Sheets:Off
Enable Logging:On
Export Textures:Off
Export Flatten Assembly:On
Export Construction Solids and Sheets if design bodies not present:Off
Export Units:Centimeters
Export Tolerance Value:1.250000
Export Tolerance Type:Custom
Export Surface Plane Angle Value:0.523599

Translation progress:
Translation process completed
Time required to translate:00 : 00 : 02
